<?xml version="1.0" encoding="UTF-8"?>
<testng-results ignored="0" total="2" passed="2" failed="0" skipped="0">
  <reporter-output>
  </reporter-output>
  <suite started-at="2024-09-02T17:36:55 IST" name="Suite" finished-at="2024-09-02T17:37:53 IST" duration-ms="58107">
    <groups>
    </groups>
    <test started-at="2024-09-02T17:36:55 IST" name="StandAloneTest" finished-at="2024-09-02T17:37:53 IST" duration-ms="58107">
      <class name="rahulshettyacademy.StandAloneTest">
        <test-method is-config="true" signature="launchApplication()[pri:0, instance:rahulshettyacademy.StandAloneTest@4f0f2942]" started-at="2024-09-02T17:36:55 IST" name="launchApplication" finished-at="2024-09-02T17:37:12 IST" duration-ms="16861" status="PASS">
          <reporter-output>
          </reporter-output>
        </test-method> <!-- launchApplication -->
        <test-method signature="submitOrder()[pri:0, instance:rahulshettyacademy.StandAloneTest@4f0f2942]" started-at="2024-09-02T17:37:12 IST" name="submitOrder" finished-at="2024-09-02T17:37:31 IST" duration-ms="18550" status="PASS">
          <reporter-output>
          </reporter-output>
        </test-method> <!-- submitOrder -->
        <test-method is-config="true" signature="closeBrowser()[pri:0, instance:rahulshettyacademy.StandAloneTest@4f0f2942]" started-at="2024-09-02T17:37:31 IST" name="closeBrowser" finished-at="2024-09-02T17:37:33 IST" duration-ms="2675" status="PASS">
          <reporter-output>
          </reporter-output>
        </test-method> <!-- closeBrowser -->
        <test-method is-config="true" signature="launchApplication()[pri:0, instance:rahulshettyacademy.StandAloneTest@4f0f2942]" started-at="2024-09-02T17:37:33 IST" name="launchApplication" finished-at="2024-09-02T17:37:48 IST" duration-ms="14965" status="PASS">
          <reporter-output>
          </reporter-output>
        </test-method> <!-- launchApplication -->
        <test-method signature="ordersTest()[pri:0, instance:rahulshettyacademy.StandAloneTest@4f0f2942]" started-at="2024-09-02T17:37:48 IST" name="ordersTest" finished-at="2024-09-02T17:37:50 IST" depends-on-methods="rahulshettyacademy.StandAloneTest.submitOrder" duration-ms="1419" status="PASS">
          <reporter-output>
          </reporter-output>
        </test-method> <!-- ordersTest -->
        <test-method is-config="true" signature="closeBrowser()[pri:0, instance:rahulshettyacademy.StandAloneTest@4f0f2942]" started-at="2024-09-02T17:37:50 IST" name="closeBrowser" finished-at="2024-09-02T17:37:53 IST" duration-ms="3524" status="PASS">
          <reporter-output>
          </reporter-output>
        </test-method> <!-- closeBrowser -->
      </class> <!-- rahulshettyacademy.StandAloneTest -->
    </test> <!-- StandAloneTest -->
  </suite> <!-- Suite -->
</testng-results>
